<?xml version="1.0" encoding="UTF-8"?>
<testsuite xmlns:xsi="http://www.w3.org/2001/XMLSchema-instance" xsi:noNamespaceSchemaLocation="https://maven.apache.org/surefire/maven-surefire-plugin/xsd/surefire-test-report-3.0.xsd" version="3.0" name="com.tp3.application.ApplicationTests" time="3.273" tests="1" errors="0" skipped="0" failures="0">
  <properties>
[...]
</properties>
  <testcase name="contextLoads" classname="com.tp3.application.ApplicationTests" time="0.343">
    <system-out><![CDATA[00:19:32.596 [main] INFO org.springframework.test.context.support.AnnotationConfigContextLoaderUtils -- Could not detect default configuration classes for test class [com.tp3.application.ApplicationTests]: ApplicationTests does not declare any static, non-private, non-final, nested classes annotated with @Configuration.
00:19:32.641 [main] INFO org.springframework.boot.test.context.SpringBootTestContextBootstrapper -- Found @SpringBootConfiguration com.tp3.application.Application for test class com.tp3.application.ApplicationTests
00:19:32.704 [main] INFO org.springframework.boot.devtools.restart.RestartApplicationListener -- Restart disabled due to context in which it is running

  .   ____          _            __ _ _
 /\\ / ___'_ __ _ _(_)_ __  __ _ \ \ \ \
( ( )\___ | '_ | '_| | '_ \/ _` | \ \ \ \
 \\/  ___)| |_)| | | | | || (_| |  ) ) ) )
  '  |____| .__|_| |_|_| |_\__, | / / / /
 =========|_|==============|___/=/_/_/_/

 :: Spring Boot ::                (v3.3.4)

2024-10-23T00:19:32.808+01:00  INFO 98181 --- [application] [           main] com.tp3.application.ApplicationTests     : Starting ApplicationTests using Java 21.0.2 with PID 98181 (started by imane in /Users/imane/Downloads/application)
2024-10-23T00:19:32.809+01:00  INFO 98181 --- [application] [           main] com.tp3.application.ApplicationTests     : No active profile set, falling back to 1 default profile: "default"
2024-10-23T00:19:33.268+01:00  INFO 98181 --- [application] [           main] .s.d.r.c.RepositoryConfigurationDelegate : Bootstrapping Spring Data JPA repositories in DEFAULT mode.
2024-10-23T00:19:33.299+01:00  INFO 98181 --- [application] [           main] .s.d.r.c.RepositoryConfigurationDelegate : Finished Spring Data repository scanning in 25 ms. Found 2 JPA repository interfaces.
2024-10-23T00:19:33.627+01:00  INFO 98181 --- [application] [           main] o.hibernate.jpa.internal.util.LogHelper  : HHH000204: Processing PersistenceUnitInfo [name: default]
2024-10-23T00:19:33.656+01:00  INFO 98181 --- [application] [           main] org.hibernate.Version                    : HHH000412: Hibernate ORM core version 6.5.3.Final
2024-10-23T00:19:33.673+01:00  INFO 98181 --- [application] [           main] o.h.c.internal.RegionFactoryInitiator    : HHH000026: Second-level cache disabled
2024-10-23T00:19:33.829+01:00  INFO 98181 --- [application] [           main] o.s.o.j.p.SpringPersistenceUnitInfo      : No LoadTimeWeaver setup: ignoring JPA class transformer
2024-10-23T00:19:33.842+01:00  INFO 98181 --- [application] [           main] com.zaxxer.hikari.HikariDataSource       : HikariPool-1 - Starting...
2024-10-23T00:19:33.894+01:00  INFO 98181 --- [application] [           main] com.zaxxer.hikari.pool.HikariPool        : HikariPool-1 - Added connection org.postgresql.jdbc.PgConnection@1de73d37
2024-10-23T00:19:33.894+01:00  INFO 98181 --- [application] [           main] com.zaxxer.hikari.HikariDataSource       : HikariPool-1 - Start completed.
2024-10-23T00:19:34.367+01:00  INFO 98181 --- [application] [           main] o.h.e.t.j.p.i.JtaPlatformInitiator       : HHH000489: No JTA platform available (set 'hibernate.transaction.jta.platform' to enable JTA platform integration)
2024-10-23T00:19:34.402+01:00  INFO 98181 --- [application] [           main] j.LocalContainerEntityManagerFactoryBean : Initialized JPA EntityManagerFactory for persistence unit 'default'
2024-10-23T00:19:34.557+01:00  INFO 98181 --- [application] [           main] o.s.d.j.r.query.QueryEnhancerFactory     : Hibernate is in classpath; If applicable, HQL parser will be used.
2024-10-23T00:19:34.918+01:00  WARN 98181 --- [application] [           main] JpaBaseConfiguration$JpaWebConfiguration : spring.jpa.open-in-view is enabled by default. Therefore, database queries may be performed during view rendering. Explicitly configure spring.jpa.open-in-view to disable this warning
2024-10-23T00:19:35.283+01:00  INFO 98181 --- [application] [           main] o.s.b.a.h2.H2ConsoleAutoConfiguration    : H2 console available at '/h2-console'. Database available at 'jdbc:postgresql://localhost:5432/tpdb'
2024-10-23T00:19:35.309+01:00  WARN 98181 --- [application] [           main] .s.s.UserDetailsServiceAutoConfiguration : 

Using generated security password: 6ab3e2c4-ec17-434e-ad4a-459c710d672b

This generated password is for development use only. Your security configuration must be updated before running your application in production.

2024-10-23T00:19:35.325+01:00  INFO 98181 --- [application] [           main] r$InitializeUserDetailsManagerConfigurer : Global AuthenticationManager configured with UserDetailsService bean with name inMemoryUserDetailsManager
2024-10-23T00:19:35.394+01:00  INFO 98181 --- [application] [           main] com.tp3.application.ApplicationTests     : Started ApplicationTests in 2.696 seconds (process running for 3.147)
]]></system-out>
    <system-err><![CDATA[WARNING: A Java agent has been loaded dynamically (/Users/imane/.m2/repository/net/bytebuddy/byte-buddy-agent/1.14.19/byte-buddy-agent-1.14.19.jar)
WARNING: If a serviceability tool is in use, please run with -XX:+EnableDynamicAgentLoading to hide this warning
WARNING: If a serviceability tool is not in use, please run with -Djdk.instrument.traceUsage for more information
WARNING: Dynamic loading of agents will be disallowed by default in a future release
]]></system-err>
  </testcase>
</testsuite>